Carga Nro. 1:
Ferry Lilia Concepcion
Viaje Nro. 1
Num. vehiculos: 6
Num. pasajeros: 11 (2 de la tercera edad)
Peso: 37.70 toneladas
Ingreso: 10700.00 BsF.
ID: CD345CC 	 Tipo: liviano
ID: EV677VU 	 Tipo: policial
ID: VY778TS 	 Tipo: ambulancia
ID: XE789FA 	 Tipo: carga
ID: GT344FC 	 Tipo: rustico
ID: XE787GE 	 Tipo: carga

Estadisticas:
Total vehiculos transportados: 6
Total pasajeros transportados: 11
Total de ingresos: 10700.00 BsF.
Num. pasajeros no trasladados: 0
Vehiculo mas frecuente: carga
Mayor frec. vehiculos en espera: 6 (a las 08:06)
